<?xml version="1.0" encoding="UTF-8"?>
<!-- Generated by org.testng.reporters.JUnitReportReporter -->
<testsuite skipped="0" hostname="DESKTOP-IO5FSVF" name="WhatsappUITest.UITestNG" tests="1" failures="0" timestamp="2 Nov 2021 09:35:20 GMT" time="9.829" errors="0">
  <testcase name="verifySearchNumber" time="9.829" classname="WhatsappUITest.UITestNG"/>
</testsuite> <!-- WhatsappUITest.UITestNG -->
