<?xml version="1.0" encoding="UTF-8"?>
<!-- Generated by org.testng.reporters.JUnitReportReporter -->
<testsuite skipped="0" hostname="DESKTOP-IO5FSVF" name="WhatsappUITest.UITestNG" tests="3" failures="0" timestamp="4 Nov 2021 06:22:24 GMT" time="21.474" errors="0">
  <testcase name="verifyLogout" time="10.342" classname="WhatsappUITest.UITestNG"/>
  <testcase name="verifySearchNumber" time="7.759" classname="WhatsappUITest.UITestNG"/>
  <testcase name="verifySendMessageStatus" time="3.373" classname="WhatsappUITest.UITestNG"/>
</testsuite> <!-- WhatsappUITest.UITestNG -->
