<?xml version="1.0" encoding="UTF-8"?>
<!-- Generated by org.testng.reporters.JUnitReportReporter -->
<testsuite skipped="0" hostname="DESKTOP-IO5FSVF" name="WhatsappUITest.UITestNG" tests="1" failures="0" timestamp="1 Nov 2021 20:26:22 GMT" time="7.643" errors="0">
  <testcase name="verifySearchNumber" time="7.643" classname="WhatsappUITest.UITestNG"/>
</testsuite> <!-- WhatsappUITest.UITestNG -->
