<?xml version="1.0" encoding="UTF-8"?>
<!-- Generated by org.testng.reporters.JUnitReportReporter -->
<testsuite skipped="0" hostname="DESKTOP-IO5FSVF" name="WhatsappUITest.UITestNG" tests="5" failures="0" timestamp="4 Nov 2021 07:08:31 GMT" time="34.888" errors="0">
  <testcase name="verifySendMessage" time="6.190" classname="WhatsappUITest.UITestNG"/>
  <testcase name="verifySuccessfullySendMessage" time="5.378" classname="WhatsappUITest.UITestNG"/>
  <testcase name="verifySearchNumber" time="8.708" classname="WhatsappUITest.UITestNG"/>
  <testcase name="verifySendMessageStatus" time="3.191" classname="WhatsappUITest.UITestNG"/>
  <testcase name="verifyLogout" time="11.421" classname="WhatsappUITest.UITestNG"/>
</testsuite> <!-- WhatsappUITest.UITestNG -->
